\BOOKMARK [1][-]{section.1}{Einleitung}{}% 1
\BOOKMARK [2][-]{subsection.1.1}{Was ist WLAN?}{section.1}% 2
\BOOKMARK [2][-]{subsection.1.2}{Anforderungen}{section.1}% 3
\BOOKMARK [2][-]{subsection.1.3}{WLAN, WiFi - Begriffserkl\344rung}{section.1}% 4
\BOOKMARK [2][-]{subsection.1.4}{Geschichtlicher Hintergrund, ALOHAnet}{section.1}% 5
\BOOKMARK [1][-]{section.2}{Functionalit\344t}{}% 6
\BOOKMARK [2][-]{subsection.2.1}{Infrastruktur}{section.2}% 7
\BOOKMARK [2][-]{subsection.2.2}{Ad-Hoc}{section.2}% 8
\BOOKMARK [1][-]{section.3}{technische Aspekte}{}% 9
\BOOKMARK [2][-]{subsection.3.1}{IEEE}{section.3}% 10
\BOOKMARK [3][-]{subsubsection.3.1.1}{Unter\374berschrift}{subsection.3.1}% 11
\BOOKMARK [3][-]{subsubsection.3.1.2}{Unter\374berschrift}{subsection.3.1}% 12
\BOOKMARK [1][-]{section.4}{Sicherheit}{}% 13
\BOOKMARK [2][-]{subsection.4.1}{RC4}{section.4}% 14
\BOOKMARK [2][-]{subsection.4.2}{WEP}{section.4}% 15
\BOOKMARK [2][-]{subsection.4.3}{WPA}{section.4}% 16
\BOOKMARK [2][-]{subsection.4.4}{WPA2}{section.4}% 17
\BOOKMARK [2][-]{subsection.4.5}{Gesundheitsaspekte}{section.4}% 18
\BOOKMARK [1][-]{section.5}{Schluss}{}% 19
\BOOKMARK [1][-]{section.6}{Literaturverzeichnis}{}% 20
